c:\users\raz12\source\repos\pac-woman\pac-woman\debug\vc142.pdb
c:\users\raz12\source\repos\pac-woman\pac-woman\debug\vc142.idb
c:\users\raz12\source\repos\pac-woman\pac-woman\debug\position.obj
c:\users\raz12\source\repos\pac-woman\pac-woman\debug\board.obj
c:\users\raz12\source\repos\pac-woman\pac-woman\debug\main.obj
c:\users\raz12\source\repos\pac-woman\pac-woman\debug\pacwoman.obj
c:\users\raz12\source\repos\pac-woman\pac-woman\debug\game.obj
c:\users\raz12\source\repos\pac-woman\pac-woman\debug\ghost.obj
c:\users\raz12\source\repos\pac-woman\debug\pac-woman.exe
c:\users\raz12\source\repos\pac-woman\pac-woman\debug\pac-woman.ilk
c:\users\raz12\source\repos\pac-woman\debug\pac-woman.pdb
c:\users\raz12\source\repos\pac-woman\pac-woman\debug\breadcrumbs.obj
c:\users\raz12\source\repos\pac-woman\pac-woman\debug\definitions.obj
c:\users\raz12\source\repos\pac-woman\pac-woman\debug\board.obj.enc
c:\users\raz12\source\repos\pac-woman\pac-woman\debug\main.obj.enc
c:\users\raz12\source\repos\pac-woman\pac-woman\debug\pacwoman.obj.enc
c:\users\raz12\source\repos\pac-woman\pac-woman\debug\position.obj.enc
c:\users\raz12\source\repos\pac-woman\pac-woman\debug\pac-woman.tlog\cl.command.1.tlog
c:\users\raz12\source\repos\pac-woman\pac-woman\debug\pac-woman.tlog\cl.read.1.tlog
c:\users\raz12\source\repos\pac-woman\pac-woman\debug\pac-woman.tlog\cl.write.1.tlog
c:\users\raz12\source\repos\pac-woman\pac-woman\debug\pac-woman.tlog\link.command.1.tlog
c:\users\raz12\source\repos\pac-woman\pac-woman\debug\pac-woman.tlog\link.read.1.tlog
c:\users\raz12\source\repos\pac-woman\pac-woman\debug\pac-woman.tlog\link.write.1.tlog
